<?xml version="1.0" encoding="UTF-8"?>
<testsuite name="granos_contratos-20240312122344" tests="1" file=".py" time="32.475" timestamp="2024-03-12T12:24:16" failures="0" errors="1" skipped="0">
	<testcase classname="granos_contratos" name="test_granos_contratos" time="32.475" timestamp="2024-03-12T12:24:16" file="GranosContratos.py" line="23">
		<error type="TypeError" message="find_elements_name() takes 2 positional arguments but 3 were given"><![CDATA[Traceback (most recent call last):
  File "c:\Users\luist\repos\Automatizaciones-SILOHUB-\GranosContratos.py", line 138, in test_granos_contratos
    find_elements_name(self.driver, select_arrow2, clicks)
TypeError: find_elements_name() takes 2 positional arguments but 3 were given
]]></error>
		<system-out><![CDATA[¡Elemento encontrado y clickeado con éxito!
¡Elemento encontrado y clickeado con éxito!
El texto encontrado es  CONTRATOS
La opcion fue seleccionada en el dropdown con exito  
¡Cuenta encontrada y seleccionada 1023  con éxito!
¡Elemento encontrado y clickeado con éxito!
La opcion fue seleccionada en el dropdown con exito  
La opcion fue seleccionada en el dropdown con exito  
¡Input encontrado y enviado con éxito!
La opcion fue seleccionada en el dropdown con exito  
¡Input encontrado y enviado con éxito!
La opcion fue seleccionada en el dropdown con exito  
La opcion fue seleccionada en el dropdown con exito  
¡Elemento encontrado y clickeado 1 veces con éxito!
¡Elemento encontrado y clickeado con éxito!
]]></system-out>
	</testcase>
</testsuite>
