<?xml version="1.0" encoding="UTF-8"?>
<testsuite name="granos_contratos-20240312113831" tests="1" file=".py" time="77.298" timestamp="2024-03-12T11:39:48" failures="0" errors="1" skipped="0">
	<testcase classname="granos_contratos" name="test_granos_contratos" time="77.298" timestamp="2024-03-12T11:39:48" file="GranosContratos.py" line="23">
		<error type="TypeError" message="select_option_click() missing 1 required positional argument: 'xpath_upload_field'"><![CDATA[Traceback (most recent call last):
  File "c:\Users\luist\repos\Automatizaciones-SILOHUB-\GranosContratos.py", line 159, in test_granos_contratos
    select_option_click(self.driver, button_dopdown7)
TypeError: select_option_click() missing 1 required positional argument: 'xpath_upload_field'
]]></error>
		<system-out><![CDATA[¡Elemento encontrado y clickeado con éxito!
¡Elemento encontrado y clickeado con éxito!
El texto encontrado es  CONTRATOS
La opcion fue seleccionada en el dropdown con exito  
¡Cuenta encontrada y seleccionada 1023  con éxito!
¡Elemento encontrado y clickeado con éxito!
La opcion fue seleccionada en el dropdown con exito  
La opcion fue seleccionada en el dropdown con exito  
¡Input encontrado y enviado con éxito!
La opcion fue seleccionada en el dropdown con exito  
¡Input encontrado y enviado con éxito!
La opcion fue seleccionada en el dropdown con exito  
La opcion fue seleccionada en el dropdown con exito  
¡Elemento encontrado y clickeado 1 veces con éxito!
¡Elemento encontrado y clickeado con éxito!
Tiempo de espera agotado. El elemento no está presente o no es clickeable.
¡Elemento encontrado y clickeado con éxito!
¡Elemento encontrado y clickeado con éxito!
Tiempo de espera agotado. El chevron no están presentes o no son clickeables.
]]></system-out>
	</testcase>
</testsuite>
