<?xml version="1.0" encoding="UTF-8"?>
<testsuite name="insumosProductos-20240712154910" tests="2" file=".py" time="3.653" timestamp="2024-07-12T15:49:14" failures="0" errors="2" skipped="0">
	<testcase classname="insumosProductos" name="test_supplies_products" time="0.000" timestamp="0001-01-01T00:00:00" file="insumos_producto.py" line="19">
		<error type="NoSuchWindowException" message="Message: no such window: target window already closed
from unknown error: web view not found
  (Session info: chrome=126.0.6478.127)
Stacktrace:
	GetHandleVerifier [0x00007FF774C6EEA2+31554]
	(No symbol) [0x00007FF774BE7ED9]
	(No symbol) [0x00007FF774AA872A]
	(No symbol) [0x00007FF774A7D995]
	(No symbol) [0x00007FF774B244D7]
	(No symbol) [0x00007FF774B3C051]
	(No symbol) [0x00007FF774B1CDD3]
	(No symbol) [0x00007FF774AEA33B]
	(No symbol) [0x00007FF774AEAED1]
	GetHandleVerifier [0x00007FF774F78B1D+3217341]
	GetHandleVerifier [0x00007FF774FC5AE3+3532675]
	GetHandleVerifier [0x00007FF774FBB0E0+3489152]
	GetHandleVerifier [0x00007FF774D1E776+750614]
	(No symbol) [0x00007FF774BF375F]
	(No symbol) [0x00007FF774BEEB14]
	(No symbol) [0x00007FF774BEECA2]
	(No symbol) [0x00007FF774BDE16F]
	BaseThreadInitThunk [0x00007FFBD5F8257D+29]
	RtlUserThreadStart [0x00007FFBD704AF28+40]
"><![CDATA[Traceback (most recent call last):
  File "c:\Users\luist\repos\Automatizaciones-SILOHUB-\insumos_producto.py", line 21, in test_supplies_products
    self.login_sample.login("comercialgd@silohub.ag", "G@viglio123")
  File "c:\Users\luist\repos\Automatizaciones-SILOHUB-\LoginSample.py", line 10, in login
    user = find_element_by_id(self.driver, "email")  # asegúrate de pasar self.driver
  File "c:\Users\luist\repos\Automatizaciones-SILOHUB-\findElements.py", line 10, in find_element_by_id
    return WebDriverWait(driver, 10).until(EC.presence_of_element_located((By.ID, id)))
  File "C:\Users\luist\AppData\Roaming\Python\Python310\site-packages\selenium\webdriver\support\wait.py", line 96, in until
    value = method(self._driver)
  File "C:\Users\luist\AppData\Roaming\Python\Python310\site-packages\selenium\webdriver\support\expected_conditions.py", line 84, in _predicate
    return driver.find_element(*locator)
  File "C:\Users\luist\AppData\Roaming\Python\Python310\site-packages\selenium\webdriver\remote\webdriver.py", line 742, in find_element
    return self.execute(Command.FIND_ELEMENT, {"using": by, "value": value})["value"]
  File "C:\Users\luist\AppData\Roaming\Python\Python310\site-packages\selenium\webdriver\remote\webdriver.py", line 348, in execute
    self.error_handler.check_response(response)
  File "C:\Users\luist\AppData\Roaming\Python\Python310\site-packages\selenium\webdriver\remote\errorhandler.py", line 229, in check_response
    raise exception_class(message, screen, stacktrace)
selenium.common.exceptions.NoSuchWindowException: Message: no such window: target window already closed
from unknown error: web view not found
  (Session info: chrome=126.0.6478.127)
Stacktrace:
	GetHandleVerifier [0x00007FF774C6EEA2+31554]
	(No symbol) [0x00007FF774BE7ED9]
	(No symbol) [0x00007FF774AA872A]
	(No symbol) [0x00007FF774A7D995]
	(No symbol) [0x00007FF774B244D7]
	(No symbol) [0x00007FF774B3C051]
	(No symbol) [0x00007FF774B1CDD3]
	(No symbol) [0x00007FF774AEA33B]
	(No symbol) [0x00007FF774AEAED1]
	GetHandleVerifier [0x00007FF774F78B1D+3217341]
	GetHandleVerifier [0x00007FF774FC5AE3+3532675]
	GetHandleVerifier [0x00007FF774FBB0E0+3489152]
	GetHandleVerifier [0x00007FF774D1E776+750614]
	(No symbol) [0x00007FF774BF375F]
	(No symbol) [0x00007FF774BEEB14]
	(No symbol) [0x00007FF774BEECA2]
	(No symbol) [0x00007FF774BDE16F]
	BaseThreadInitThunk [0x00007FFBD5F8257D+29]
	RtlUserThreadStart [0x00007FFBD704AF28+40]

]]></error>
	</testcase>
	<testcase classname="insumosProductos" name="test_supplies_products" time="3.653" timestamp="2024-07-12T15:49:14" file="insumos_producto.py" line="19">
		<error type="WebDriverException" message="Message: disconnected: not connected to DevTools
  (failed to check if window was closed: disconnected: not connected to DevTools)
  (Session info: chrome=126.0.6478.127)
Stacktrace:
	GetHandleVerifier [0x00007FF774C6EEA2+31554]
	(No symbol) [0x00007FF774BE7ED9]
	(No symbol) [0x00007FF774AA872A]
	(No symbol) [0x00007FF774A8E90F]
	(No symbol) [0x00007FF774A8F47F]
	(No symbol) [0x00007FF774AA8D53]
	(No symbol) [0x00007FF774A7D47C]
	(No symbol) [0x00007FF774B2B614]
	(No symbol) [0x00007FF774B1CFF0]
	(No symbol) [0x00007FF774AEA33B]
	(No symbol) [0x00007FF774AEAED1]
	GetHandleVerifier [0x00007FF774F78B1D+3217341]
	GetHandleVerifier [0x00007FF774FC5AE3+3532675]
	GetHandleVerifier [0x00007FF774FBB0E0+3489152]
	GetHandleVerifier [0x00007FF774D1E776+750614]
	(No symbol) [0x00007FF774BF375F]
	(No symbol) [0x00007FF774BEEB14]
	(No symbol) [0x00007FF774BEECA2]
	(No symbol) [0x00007FF774BDE16F]
	BaseThreadInitThunk [0x00007FFBD5F8257D+29]
	RtlUserThreadStart [0x00007FFBD704AF28+40]
"><![CDATA[Traceback (most recent call last):
  File "c:\Users\luist\repos\Automatizaciones-SILOHUB-\insumos_producto.py", line 204, in tearDown
    self.driver.close()
  File "C:\Users\luist\AppData\Roaming\Python\Python310\site-packages\selenium\webdriver\remote\webdriver.py", line 459, in close
    self.execute(Command.CLOSE)
  File "C:\Users\luist\AppData\Roaming\Python\Python310\site-packages\selenium\webdriver\remote\webdriver.py", line 348, in execute
    self.error_handler.check_response(response)
  File "C:\Users\luist\AppData\Roaming\Python\Python310\site-packages\selenium\webdriver\remote\errorhandler.py", line 229, in check_response
    raise exception_class(message, screen, stacktrace)
selenium.common.exceptions.WebDriverException: Message: disconnected: not connected to DevTools
  (failed to check if window was closed: disconnected: not connected to DevTools)
  (Session info: chrome=126.0.6478.127)
Stacktrace:
	GetHandleVerifier [0x00007FF774C6EEA2+31554]
	(No symbol) [0x00007FF774BE7ED9]
	(No symbol) [0x00007FF774AA872A]
	(No symbol) [0x00007FF774A8E90F]
	(No symbol) [0x00007FF774A8F47F]
	(No symbol) [0x00007FF774AA8D53]
	(No symbol) [0x00007FF774A7D47C]
	(No symbol) [0x00007FF774B2B614]
	(No symbol) [0x00007FF774B1CFF0]
	(No symbol) [0x00007FF774AEA33B]
	(No symbol) [0x00007FF774AEAED1]
	GetHandleVerifier [0x00007FF774F78B1D+3217341]
	GetHandleVerifier [0x00007FF774FC5AE3+3532675]
	GetHandleVerifier [0x00007FF774FBB0E0+3489152]
	GetHandleVerifier [0x00007FF774D1E776+750614]
	(No symbol) [0x00007FF774BF375F]
	(No symbol) [0x00007FF774BEEB14]
	(No symbol) [0x00007FF774BEECA2]
	(No symbol) [0x00007FF774BDE16F]
	BaseThreadInitThunk [0x00007FFBD5F8257D+29]
	RtlUserThreadStart [0x00007FFBD704AF28+40]

]]></error>
	</testcase>
</testsuite>
