<?xml version="1.0" encoding="UTF-8"?>
<testsuite name="contrato_operSecundarias-20240304161157" tests="1" file=".py" time="52.213" timestamp="2024-03-04T16:12:50" failures="0" errors="1" skipped="0">
	<testcase classname="contrato_operSecundarias" name="test_contratc_oparSecondary" time="52.213" timestamp="2024-03-04T16:12:50" file="CtaContOperSecundaria.py" line="22">
		<error type="TypeError" message="validate_character_numeric_element() takes 2 positional arguments but 3 were given"><![CDATA[Traceback (most recent call last):
  File "c:\Users\luist\repos\Automatizaciones-SILOHUB-\CtaContOperSecundaria.py", line 107, in test_contratc_oparSecondary
    validate_character_numeric_element(self.driver, contract_campaign, contract_campaign_expected)
TypeError: validate_character_numeric_element() takes 2 positional arguments but 3 were given
]]></error>
		<system-out><![CDATA[¡Elemento encontrado y clickeado con éxito!
¡Elemento encontrado y clickeado con éxito!
¡Elemento encontrado y clickeado con éxito!
¡Elemento encontrado y clickeado con éxito!
¡Elemento encontrado y clickeado con éxito!
¡Elemento encontrado y clickeado con éxito!
¡Elemento encontrado y clickeado con éxito!
¡Elemento encontrado y clickeado 2 veces con éxito!
¡Elemento encontrado y clickeado 3 veces con éxito!
¡Elemento encontrado y clickeado con éxito!
¡Elemento encontrado y clickeado con éxito!
El texto encontrado es  Estado De Mis Contratos
¡Elemento encontrado y clickeado con éxito!
El texto es visible para el usuario
El texto fue validado correctamente: Contrato 2070
El texto es visible para el usuario
El texto fue validado correctamente: De Soja
]]></system-out>
	</testcase>
</testsuite>
