<?xml version="1.0" encoding="UTF-8"?>
<testsuite name="detalle_ctro_entregaVentas-20240715154648" tests="1" file=".py" time="82.499" timestamp="2024-07-15T15:48:11" failures="0" errors="0" skipped="0">
	<testcase classname="detalle_ctro_entregaVentas" name="test_detail_deriverySales" time="82.499" timestamp="2024-07-15T15:48:11" file="CtaCtoDtalEntVta.py" line="22">
		<system-out><![CDATA[¡Elemento encontrado y clickeado 3 veces con éxito!
¡Elemento encontrado y clickeado 5 veces con éxito!
¡Elemento encontrado y clickeado 3 veces con éxito!
El texto encontrado es  Estado De Mis Contratos
El texto es visible para el usuario
El texto fue validado correctamente: Contrato 108169
El texto es visible para el usuario
El texto fue validado correctamente: De Maiz
El texto es visible para el usuario: 'De 500,00 Tn Pactados'
El texto es visible para el usuario
El texto fue validado correctamente: Mis Entregas
El texto es visible para el usuario
El texto fue validado correctamente: Producto
El texto es visible para el usuario
El texto fue validado correctamente: Maiz
El texto es visible para el usuario
El texto fue validado correctamente: Fecha
El texto es visible para el usuario
El texto fue validado correctamente: 14/03/2022
El texto es visible para el usuario: 'Tn Brutos'
El valor es un carácter numérico. Valor: 30,04
El texto es visible para el usuario
El texto fue validado correctamente: Humedad
El valor es un carácter numérico. Valor: 16,70%
El texto es visible para el usuario
El texto fue validado correctamente: Zaranda
El valor es un carácter numérico. Valor: 0,00%
El texto es visible para el usuario
El texto fue validado correctamente: Volátil
El valor es un carácter numérico. Valor: 0,30%
El texto es visible para el usuario
El texto fue validado correctamente: Factor/Grado
El valor es un carácter numérico. Valor: 100/2
El texto es visible para el usuario: 'Tn Netos'
El valor es un carácter numérico. Valor: 19,07
El texto es visible para el usuario
El texto fue validado correctamente: CTG/CRT
El valor es un carácter numérico. Valor: 10102265019
Checkbox con XPAHT '/html/body/app-root/app-layout/app-vertical/div/div/div/div/app-detail-contract/app-contract-detail-tabs/div/div[1]/app-deliveries-applied/app-deliveries-shared/app-responsive-table/div/div[2]/table/tbody/tr[1]/th/input' seleccionado con éxito!
]]></system-out>
	</testcase>
</testsuite>
